<?xml version="1.0" encoding="UTF-8"?>
<testng-results ignored="0" total="2" passed="2" failed="0" skipped="0">
  <reporter-output>
  </reporter-output>
  <suite started-at="2024-02-25T12:24:14 IST" name="All Test Suite" finished-at="2024-02-25T12:24:20 IST" duration-ms="6526">
    <groups>
    </groups>
    <test started-at="2024-02-25T12:24:14 IST" name="Chrome Tests" finished-at="2024-02-25T12:24:19 IST" duration-ms="5274">
      <class name="tests.LeafGroundTests1">
        <test-method is-config="true" signature="setUp(org.testng.ITestContext,java.lang.String)[pri:0, instance:tests.LeafGroundTests1@57d7f8ca]" started-at="2024-02-25T12:24:14 IST" name="setUp" finished-at="2024-02-25T12:24:18 IST" duration-ms="4174" status="PASS">
          <params>
            <param index="0">
              <value>
                <![CDATA[org.testng.TestRunner@6221a451]]>
              </value>
            </param>
            <param index="1">
              <value>
                <![CDATA[chrome]]>
              </value>
            </param>
          </params>
          <reporter-output>
          </reporter-output>
        </test-method> <!-- setUp -->
        <test-method is-config="true" signature="setup()[pri:0, instance:tests.LeafGroundTests1@57d7f8ca]" started-at="2024-02-25T12:24:18 IST" name="setup" finished-at="2024-02-25T12:24:18 IST" duration-ms="0" status="PASS">
          <reporter-output>
          </reporter-output>
        </test-method> <!-- setup -->
        <test-method signature="textBoxTest(java.lang.reflect.Method)[pri:0, instance:tests.LeafGroundTests1@57d7f8ca]" started-at="2024-02-25T12:24:18 IST" name="textBoxTest" finished-at="2024-02-25T12:24:19 IST" duration-ms="523" status="PASS">
          <params>
            <param index="0">
              <value>
                <![CDATA[public void tests.LeafGroundTests1.textBoxTest(java.lang.reflect.Method)]]>
              </value>
            </param>
          </params>
          <reporter-output>
          </reporter-output>
        </test-method> <!-- textBoxTest -->
        <test-method is-config="true" signature="tearDown()[pri:0, instance:tests.LeafGroundTests1@57d7f8ca]" started-at="2024-02-25T12:24:19 IST" name="tearDown" finished-at="2024-02-25T12:24:19 IST" duration-ms="100" status="PASS">
          <reporter-output>
          </reporter-output>
        </test-method> <!-- tearDown -->
      </class> <!-- tests.LeafGroundTests1 -->
    </test> <!-- Chrome Tests -->
    <test started-at="2024-02-25T12:24:14 IST" name="Firefox Tests" finished-at="2024-02-25T12:24:20 IST" duration-ms="6526">
      <class name="tests.LeafGroundTests1">
        <test-method is-config="true" signature="setUp(org.testng.ITestContext,java.lang.String)[pri:0, instance:tests.LeafGroundTests1@1af2d44a]" started-at="2024-02-25T12:24:14 IST" name="setUp" finished-at="2024-02-25T12:24:19 IST" duration-ms="5233" status="PASS">
          <params>
            <param index="0">
              <value>
                <![CDATA[org.testng.TestRunner@52719fb6]]>
              </value>
            </param>
            <param index="1">
              <value>
                <![CDATA[firefox]]>
              </value>
            </param>
          </params>
          <reporter-output>
          </reporter-output>
        </test-method> <!-- setUp -->
        <test-method is-config="true" signature="setup()[pri:0, instance:tests.LeafGroundTests1@1af2d44a]" started-at="2024-02-25T12:24:19 IST" name="setup" finished-at="2024-02-25T12:24:19 IST" duration-ms="1" status="PASS">
          <reporter-output>
          </reporter-output>
        </test-method> <!-- setup -->
        <test-method signature="textBoxTest(java.lang.reflect.Method)[pri:0, instance:tests.LeafGroundTests1@1af2d44a]" started-at="2024-02-25T12:24:19 IST" name="textBoxTest" finished-at="2024-02-25T12:24:20 IST" duration-ms="192" status="PASS">
          <params>
            <param index="0">
              <value>
                <![CDATA[public void tests.LeafGroundTests1.textBoxTest(java.lang.reflect.Method)]]>
              </value>
            </param>
          </params>
          <reporter-output>
          </reporter-output>
        </test-method> <!-- textBoxTest -->
        <test-method is-config="true" signature="tearDown()[pri:0, instance:tests.LeafGroundTests1@1af2d44a]" started-at="2024-02-25T12:24:20 IST" name="tearDown" finished-at="2024-02-25T12:24:20 IST" duration-ms="640" status="PASS">
          <reporter-output>
          </reporter-output>
        </test-method> <!-- tearDown -->
      </class> <!-- tests.LeafGroundTests1 -->
    </test> <!-- Firefox Tests -->
  </suite> <!-- All Test Suite -->
</testng-results>
