<?xml version="1.0" encoding="UTF-8"?>
<testsuite xmlns:xsi="http://www.w3.org/2001/XMLSchema-instance" xsi:noNamespaceSchemaLocation="https://maven.apache.org/surefire/maven-surefire-plugin/xsd/surefire-test-report-3.0.xsd" version="3.0" name="TestSuite" time="7.012" tests="2" errors="0" skipped="0" failures="0">
  <properties>
[...]
</properties>
  <testcase name="textBoxTest[public void tests.LeafGroundTests1.textBoxTest(java.lang.reflect.Method)](1)" classname="tests.LeafGroundTests1" time="0.528">
    <system-out><![CDATA[[INFO ] 2024-02-25 12:24:14.700 [TestNG-tests-1] Log - Chrome Tests test start method
[INFO ] 2024-02-25 12:24:14.700 [TestNG-tests-2] Log - Firefox Tests test start method
from before class
[INFO ] 2024-02-25 12:24:18.902 [TestNG-tests-1] Log - textBoxTest test is starting
[INFO ] 2024-02-25 12:24:19.425 [TestNG-tests-1] Log - textBoxTest test is passed
]]></system-out>
    <system-err><![CDATA[SLF4J: Failed to load class "org.slf4j.impl.StaticLoggerBinder".
SLF4J: Defaulting to no-operation (NOP) logger implementation
SLF4J: See http://www.slf4j.org/codes.html#StaticLoggerBinder for further details.
Feb 25, 2024 12:24:16 PM org.openqa.selenium.devtools.CdpVersionFinder findNearestMatch
WARNING: Unable to find an exact match for CDP version 121, returning the closest version; found: 120; Please update to a Selenium version that supports CDP version 121
]]></system-err>
  </testcase>
  <testcase name="textBoxTest[public void tests.LeafGroundTests1.textBoxTest(java.lang.reflect.Method)](1)" classname="tests.LeafGroundTests1" time="0.192">
    <system-out><![CDATA[[INFO ] 2024-02-25 12:24:19.531 [TestNG-tests-1] Log - Chrome Tests test finish method
PASSED: tests.LeafGroundTests1.textBoxTest(public void tests.LeafGroundTests1.textBoxTest(java.lang.reflect.Method))

===============================================
    Chrome Tests
    Tests run: 1, Failures: 0, Skips: 0
===============================================

from before class
[INFO ] 2024-02-25 12:24:19.950 [TestNG-tests-2] Log - textBoxTest test is starting
[INFO ] 2024-02-25 12:24:20.141 [TestNG-tests-2] Log - textBoxTest test is passed
]]></system-out>
  </testcase>
</testsuite>